<?xml version="1.0" encoding="UTF-8"?>
<testng-results skipped="0" failed="0" ignored="0" total="2" passed="2">
  <reporter-output>
  </reporter-output>
  <suite name="TestSuite" duration-ms="12119" started-at="2018-06-13T02:27:55Z" finished-at="2018-06-13T02:28:07Z">
    <groups>
    </groups>
    <test name="ChromeTest" duration-ms="5963" started-at="2018-06-13T02:27:55Z" finished-at="2018-06-13T02:28:01Z">
      <class name="cross.browser.test.CrossBrowser">
        <test-method status="PASS" signature="beforeMethod(java.lang.String)[pri:0, instance:cross.browser.test.CrossBrowser@6f7fd0e6]" name="beforeMethod" is-config="true" duration-ms="3224" started-at="2018-06-13T02:27:55Z" finished-at="2018-06-13T02:27:58Z">
          <params>
            <param index="0">
              <value>
                <![CDATA[Chrome]]>
              </value>
            </param>
          </params>
          <reporter-output>
          </reporter-output>
        </test-method> <!-- beforeMethod -->
        <test-method status="PASS" signature="TestPopUp()[pri:0, instance:cross.browser.test.CrossBrowser@6f7fd0e6]" name="TestPopUp" duration-ms="2622" started-at="2018-06-13T02:27:58Z" finished-at="2018-06-13T02:28:01Z">
          <reporter-output>
          </reporter-output>
        </test-method> <!-- TestPopUp -->
        <test-method status="PASS" signature="afterMethod()[pri:0, instance:cross.browser.test.CrossBrowser@6f7fd0e6]" name="afterMethod" is-config="true" duration-ms="96" started-at="2018-06-13T02:28:01Z" finished-at="2018-06-13T02:28:01Z">
          <reporter-output>
          </reporter-output>
        </test-method> <!-- afterMethod -->
      </class> <!-- cross.browser.test.CrossBrowser -->
    </test> <!-- ChromeTest -->
    <test name="FirefoxTest" duration-ms="12119" started-at="2018-06-13T02:27:55Z" finished-at="2018-06-13T02:28:07Z">
      <class name="cross.browser.test.CrossBrowser">
        <test-method status="PASS" signature="beforeMethod(java.lang.String)[pri:0, instance:cross.browser.test.CrossBrowser@239963d8]" name="beforeMethod" is-config="true" duration-ms="4981" started-at="2018-06-13T02:27:55Z" finished-at="2018-06-13T02:28:00Z">
          <params>
            <param index="0">
              <value>
                <![CDATA[Firefox]]>
              </value>
            </param>
          </params>
          <reporter-output>
          </reporter-output>
        </test-method> <!-- beforeMethod -->
        <test-method status="PASS" signature="TestPopUp()[pri:0, instance:cross.browser.test.CrossBrowser@239963d8]" name="TestPopUp" duration-ms="6508" started-at="2018-06-13T02:28:00Z" finished-at="2018-06-13T02:28:07Z">
          <reporter-output>
          </reporter-output>
        </test-method> <!-- TestPopUp -->
        <test-method status="PASS" signature="afterMethod()[pri:0, instance:cross.browser.test.CrossBrowser@239963d8]" name="afterMethod" is-config="true" duration-ms="613" started-at="2018-06-13T02:28:07Z" finished-at="2018-06-13T02:28:07Z">
          <reporter-output>
          </reporter-output>
        </test-method> <!-- afterMethod -->
      </class> <!-- cross.browser.test.CrossBrowser -->
    </test> <!-- FirefoxTest -->
  </suite> <!-- TestSuite -->
</testng-results>
